[debug] [2021-11-01T16:24:12.393Z] ----------------------------------------------------------------------
[debug] [2021-11-01T16:24:12.395Z] Command:       C:\Program Files\nodejs\node.exe C:\Users\wopet\AppData\Roaming\npm\node_modules\firebase-tools\lib\bin\firebase.js emulators:start
[debug] [2021-11-01T16:24:12.395Z] CLI Version:   9.21.0
[debug] [2021-11-01T16:24:12.395Z] Platform:      win32
[debug] [2021-11-01T16:24:12.395Z] Node Version:  v12.13.0
[debug] [2021-11-01T16:24:12.397Z] Time:          Mon Nov 01 2021 12:24:12 GMT-0400 (GMT-04:00)
[debug] [2021-11-01T16:24:12.397Z] ----------------------------------------------------------------------
[debug] 
[debug] [2021-11-01T16:24:12.463Z] > command requires scopes: ["email","openid","https://www.googleapis.com/auth/cloudplatformprojects.readonly","https://www.googleapis.com/auth/firebase","https://www.googleapis.com/auth/cloud-platform"]
[debug] [2021-11-01T16:24:12.463Z] > authorizing via signed-in user (wopetri11@gmail.com)
[info] i  emulators: Starting emulators: functions, hosting {"metadata":{"emulator":{"name":"hub"},"message":"Starting emulators: functions, hosting"}}
[debug] [2021-11-01T16:24:14.521Z] [hub] writing locator at C:\Users\wopet\AppData\Local\Temp\hub-challenge-9415e.json
[warn] !  functions: The following emulators are not running, calls to these services from the Functions emulator will affect production: auth, firestore, database, pubsub, storage {"metadata":{"emulator":{"name":"functions"},"message":"The following emulators are not running, calls to these services from the Functions emulator will affect production: \u001b[1mauth, firestore, database, pubsub, storage\u001b[22m"}}
[warn] !  Your requested "node" version "14" doesn't match your global version "12" {"metadata":{"emulator":{"name":"functions"},"message":"Your requested \"node\" version \"14\" doesn't match your global version \"12\""}}
[debug] [2021-11-01T16:24:16.605Z] defaultcredentials: writing to file C:\Users\wopet\AppData\Roaming\firebase\wopetri11_gmail_com_application_default_credentials.json
[debug] [2021-11-01T16:24:16.608Z] Setting GAC to C:\Users\wopet\AppData\Roaming\firebase\wopetri11_gmail_com_application_default_credentials.json {"metadata":{"emulator":{"name":"functions"},"message":"Setting GAC to C:\\Users\\wopet\\AppData\\Roaming\\firebase\\wopetri11_gmail_com_application_default_credentials.json"}}
[debug] [2021-11-01T16:24:16.610Z] > refreshing access token with scopes: []
[debug] [2021-11-01T16:24:16.610Z] >>> HTTP REQUEST POST https://www.googleapis.com/oauth2/v3/token  
 <request body omitted>
[debug] [2021-11-01T16:24:16.834Z] <<< HTTP RESPONSE 200 {"pragma":"no-cache","cache-control":"no-cache, no-store, max-age=0, must-revalidate","expires":"Mon, 01 Jan 1990 00:00:00 GMT","date":"Mon, 01 Nov 2021 16:24:17 GMT","content-type":"application/json; charset=utf-8","vary":"X-Origin, Referer, Origin,Accept-Encoding","server":"scaffolding on HTTPServer2","x-xss-protection":"0","x-frame-options":"SAMEORIGIN","x-content-type-options":"nosniff","alt-svc":"h3=\":443\"; ma=2592000,h3-29=\":443\"; ma=2592000,h3-Q050=\":443\"; ma=2592000,h3-Q046=\":443\"; ma=2592000,h3-Q043=\":443\"; ma=2592000,quic=\":443\"; ma=2592000; v=\"46,43\"","accept-ranges":"none","transfer-encoding":"chunked"}
[debug] [2021-11-01T16:24:16.848Z] >>> [apiv2][query] GET https://firebase.googleapis.com/v1beta1/projects/challenge-9415e/adminSdkConfig [none]
[debug] [2021-11-01T16:24:17.964Z] <<< [apiv2][status] GET https://firebase.googleapis.com/v1beta1/projects/challenge-9415e/adminSdkConfig 200
[debug] [2021-11-01T16:24:17.964Z] <<< [apiv2][body] GET https://firebase.googleapis.com/v1beta1/projects/challenge-9415e/adminSdkConfig {"projectId":"challenge-9415e","storageBucket":"challenge-9415e.appspot.com","locationId":"us-central"}
[debug] [2021-11-01T16:24:20.526Z] >>> [apiv2][query] GET https://firebasehosting.googleapis.com/v1beta1/projects/challenge-9415e/sites 
[debug] [2021-11-01T16:24:21.591Z] <<< [apiv2][status] GET https://firebasehosting.googleapis.com/v1beta1/projects/challenge-9415e/sites 200
[debug] [2021-11-01T16:24:21.591Z] <<< [apiv2][body] GET https://firebasehosting.googleapis.com/v1beta1/projects/challenge-9415e/sites {"sites":[{"name":"projects/769215661584/sites/challenge-9415e","defaultUrl":"https://challenge-9415e.web.app","appId":"1:769215661584:web:1e34a71d0efad49fa6ec95","type":"DEFAULT_SITE"}]}
[debug] [2021-11-01T16:24:21.592Z] >>> [apiv2][query] GET https://firebase.googleapis.com/v1beta1/projects/challenge-9415e/webApps/1:769215661584:web:1e34a71d0efad49fa6ec95/config [none]
[debug] [2021-11-01T16:24:22.256Z] <<< [apiv2][status] GET https://firebase.googleapis.com/v1beta1/projects/challenge-9415e/webApps/1:769215661584:web:1e34a71d0efad49fa6ec95/config 200
[debug] [2021-11-01T16:24:22.256Z] <<< [apiv2][body] GET https://firebase.googleapis.com/v1beta1/projects/challenge-9415e/webApps/1:769215661584:web:1e34a71d0efad49fa6ec95/config {"projectId":"challenge-9415e","appId":"1:769215661584:web:1e34a71d0efad49fa6ec95","storageBucket":"challenge-9415e.appspot.com","locationId":"us-central","apiKey":"AIzaSyAikldPyLb9DjaEliSux2lC268MkwpWKx0","authDomain":"challenge-9415e.firebaseapp.com","messagingSenderId":"769215661584","measurementId":"G-K1W2YS4KZ5"}
[info] i  hosting: Serving hosting files from: build {"metadata":{"emulator":{"name":"hosting"},"message":"Serving hosting files from: \u001b[1mbuild\u001b[22m"}}
[info] +  hosting: Local server: http://localhost:5000 {"metadata":{"emulator":{"name":"hosting"},"message":"Local server: \u001b[4m\u001b[1mhttp://localhost:5000\u001b[22m\u001b[24m"}}
[debug] [2021-11-01T16:24:26.869Z] Ignoring unsupported arg: auto_download {"metadata":{"emulator":{"name":"ui"},"message":"Ignoring unsupported arg: auto_download"}}
[debug] [2021-11-01T16:24:26.869Z] Ignoring unsupported arg: port {"metadata":{"emulator":{"name":"ui"},"message":"Ignoring unsupported arg: port"}}
[debug] [2021-11-01T16:24:26.869Z] Starting Emulator UI with command {"binary":"node","args":["C:\\Users\\wopet\\.cache\\firebase\\emulators\\ui-v1.6.4\\server.bundle.js"],"optionalArgs":[],"joinArgs":false} {"metadata":{"emulator":{"name":"ui"},"message":"Starting Emulator UI with command {\"binary\":\"node\",\"args\":[\"C:\\\\Users\\\\wopet\\\\.cache\\\\firebase\\\\emulators\\\\ui-v1.6.4\\\\server.bundle.js\"],\"optionalArgs\":[],\"joinArgs\":false}"}}
[info] i  ui: Emulator UI logging to ui-debug.log {"metadata":{"emulator":{"name":"ui"},"message":"Emulator UI logging to \u001b[1mui-debug.log\u001b[22m"}}
[debug] [2021-11-01T16:24:27.003Z] Web / API server started at localhost:4000
 {"metadata":{"emulator":{"name":"ui"},"message":"Web / API server started at localhost:4000\n"}}
[info] i  functions: Watching "D:\DEV\Ecommerces\amazon-clone\functions" for Cloud Functions... {"metadata":{"emulator":{"name":"functions"},"message":"Watching \"D:\\DEV\\Ecommerces\\amazon-clone\\functions\" for Cloud Functions..."}}
[debug] [2021-11-01T16:24:27.401Z] [worker-pool] addWorker(~diagnostic~) {"metadata":{"emulator":{"name":"functions"},"message":"[worker-pool] addWorker(~diagnostic~)"}}
[debug] [2021-11-01T16:24:27.401Z] [worker-pool] Adding worker with key ~diagnostic~, total=1 {"metadata":{"emulator":{"name":"functions"},"message":"[worker-pool] Adding worker with key ~diagnostic~, total=1"}}
[debug] [2021-11-01T16:24:27.402Z] [worker-pool] submitWork(triggerId=) {"metadata":{"emulator":{"name":"functions"},"message":"[worker-pool] submitWork(triggerId=)"}}
[debug] [2021-11-01T16:24:27.402Z] [worker-~diagnostic~-9c3f0305-a2fe-43e8-bb7a-ee8d0c20f7d0]: Assigning socketPath: \\?\pipe\D:\DEV\Ecommerces\amazon-clone\functions\60048 {"metadata":{"emulator":{"name":"functions"},"message":"[worker-~diagnostic~-9c3f0305-a2fe-43e8-bb7a-ee8d0c20f7d0]: Assigning socketPath: \\\\?\\pipe\\D:\\DEV\\Ecommerces\\amazon-clone\\functions\\60048"}}
[debug] [2021-11-01T16:24:27.402Z] [worker-~diagnostic~-9c3f0305-a2fe-43e8-bb7a-ee8d0c20f7d0]: BUSY {"metadata":{"emulator":{"name":"functions"},"message":"[worker-~diagnostic~-9c3f0305-a2fe-43e8-bb7a-ee8d0c20f7d0]: BUSY"}}
